2023-06-16 00:00:01,007 INFO 50416 [egg-logrotator] app logger reload: got log-reload message
2023-06-16 00:01:07,408 INFO 50654 [egg:logger] init all loggers with options: {"dir":"/Users/wwei/Documents/my_github/wwei-lego-backend/logs/wwei-lego-backend","encoding":"utf8","env":"local","level":"INFO","consoleLevel":"INFO","disableConsoleAfterReady":false,"outputJSON":false,"buffer":true,"appLogName":"wwei-lego-backend-web.log","coreLogName":"egg-web.log","agentLogName":"egg-agent.log","errorLogName":"common-error.log","coreLogger":{"consoleLevel":"WARN"},"allowDebugAtProd":false,"enablePerformanceTimer":false,"enableFastContextLogger":false,"type":"application","localStorage":{"enabled":false}}
2023-06-16 00:01:07,409 INFO 50654 [egg-multipart] stream mode enable
2023-06-16 00:01:07,658 INFO 50654 [egg-mongoose] connecting mongodb://wwei:******@118.89.84.196:27017/wwei-lego-database?authMechanism=DEFAULT&authSource=wwei-lego-database
2023-06-16 00:01:07,712 INFO 50654 [egg-redis] server connecting redis://:***@118.89.84.196:6379/0
2023-06-16 00:01:07,881 INFO 50654 [egg-static] starting static serve /public/ -> /Users/wwei/Documents/my_github/wwei-lego-backend/app/public
2023-06-16 00:01:07,883 INFO 50654 [egg-security] use methodnoallow middleware
2023-06-16 00:01:07,884 INFO 50654 [egg-security] use noopen middleware
2023-06-16 00:01:07,884 INFO 50654 [egg-security] use nosniff middleware
2023-06-16 00:01:07,885 INFO 50654 [egg-security] use xssProtection middleware
2023-06-16 00:01:07,885 INFO 50654 [egg-security] use xframe middleware
2023-06-16 00:01:07,885 INFO 50654 [egg-security] use dta middleware
2023-06-16 00:01:07,885 INFO 50654 [egg-security] compose 6 middlewares into one security middleware
2023-06-16 00:01:07,907 INFO 50654 [egg:core] dump config after load, 4ms
2023-06-16 00:01:07,911 INFO 50654 [egg-mongoose] starting...
2023-06-16 00:01:08,151 INFO 50654 [egg-redis] client connect success
2023-06-16 00:01:08,155 INFO 50654 [egg-watcher:application] watcher start success
2023-06-16 00:01:08,180 INFO 50654 [egg-redis] instance[0] status OK, client ready
2023-06-16 00:01:08,189 INFO 50654 [egg-mongoose] mongodb://wwei:******@118.89.84.196:27017/wwei-lego-database?authMechanism=DEFAULT&authSource=wwei-lego-database connected successfully
2023-06-16 00:01:08,193 INFO 50654 [egg-mongoose] instance[0] start successfully
2023-06-16 00:01:08,197 INFO 50654 [egg:core] dump config after ready, 2ms
2023-06-16 00:02:08,744 INFO 50742 [egg:logger] init all loggers with options: {"dir":"/Users/wwei/Documents/my_github/wwei-lego-backend/logs/wwei-lego-backend","encoding":"utf8","env":"local","level":"INFO","consoleLevel":"INFO","disableConsoleAfterReady":false,"outputJSON":false,"buffer":true,"appLogName":"wwei-lego-backend-web.log","coreLogName":"egg-web.log","agentLogName":"egg-agent.log","errorLogName":"common-error.log","coreLogger":{"consoleLevel":"WARN"},"allowDebugAtProd":false,"enablePerformanceTimer":false,"enableFastContextLogger":false,"type":"application","localStorage":{"enabled":false}}
2023-06-16 00:02:08,744 INFO 50742 [egg-multipart] stream mode enable
2023-06-16 00:02:08,918 INFO 50742 [egg-mongoose] connecting mongodb://wwei:******@118.89.84.196:27017/wwei-lego-database?authMechanism=DEFAULT&authSource=wwei-lego-database
2023-06-16 00:02:08,940 INFO 50742 [egg-redis] server connecting redis://:***@118.89.84.196:6379/0
2023-06-16 00:02:09,009 INFO 50742 [egg-static] starting static serve /public/ -> /Users/wwei/Documents/my_github/wwei-lego-backend/app/public
2023-06-16 00:02:09,010 INFO 50742 [egg-security] use methodnoallow middleware
2023-06-16 00:02:09,010 INFO 50742 [egg-security] use noopen middleware
2023-06-16 00:02:09,011 INFO 50742 [egg-security] use nosniff middleware
2023-06-16 00:02:09,011 INFO 50742 [egg-security] use xssProtection middleware
2023-06-16 00:02:09,011 INFO 50742 [egg-security] use xframe middleware
2023-06-16 00:02:09,011 INFO 50742 [egg-security] use dta middleware
2023-06-16 00:02:09,011 INFO 50742 [egg-security] compose 6 middlewares into one security middleware
2023-06-16 00:02:09,026 INFO 50742 [egg:core] dump config after load, 3ms
2023-06-16 00:02:09,028 INFO 50742 [egg-mongoose] starting...
2023-06-16 00:02:09,186 INFO 50742 [egg-redis] client connect success
2023-06-16 00:02:09,188 INFO 50742 [egg-watcher:application] watcher start success
2023-06-16 00:02:09,211 INFO 50742 [egg-redis] instance[0] status OK, client ready
2023-06-16 00:02:09,220 INFO 50742 [egg-mongoose] mongodb://wwei:******@118.89.84.196:27017/wwei-lego-database?authMechanism=DEFAULT&authSource=wwei-lego-database connected successfully
2023-06-16 00:02:09,223 INFO 50742 [egg-mongoose] instance[0] start successfully
2023-06-16 00:02:09,227 INFO 50742 [egg:core] dump config after ready, 3ms
2023-06-16 00:05:46,093 INFO 50984 [egg:logger] init all loggers with options: {"dir":"/Users/wwei/Documents/my_github/wwei-lego-backend/logs/wwei-lego-backend","encoding":"utf8","env":"local","level":"INFO","consoleLevel":"INFO","disableConsoleAfterReady":false,"outputJSON":false,"buffer":true,"appLogName":"wwei-lego-backend-web.log","coreLogName":"egg-web.log","agentLogName":"egg-agent.log","errorLogName":"common-error.log","coreLogger":{"consoleLevel":"WARN"},"allowDebugAtProd":false,"enablePerformanceTimer":false,"enableFastContextLogger":false,"type":"application","localStorage":{"enabled":false}}
2023-06-16 00:05:46,093 INFO 50984 [egg-multipart] stream mode enable
2023-06-16 00:05:46,351 INFO 50984 [egg-mongoose] connecting mongodb://wwei:******@118.89.84.196:27017/wwei-lego-database?authMechanism=DEFAULT&authSource=wwei-lego-database
2023-06-16 00:05:46,378 INFO 50984 [egg-redis] server connecting redis://:***@118.89.84.196:6379/0
2023-06-16 00:05:46,468 INFO 50984 [egg-static] starting static serve /public/ -> /Users/wwei/Documents/my_github/wwei-lego-backend/app/public
2023-06-16 00:05:46,469 INFO 50984 [egg-security] use methodnoallow middleware
2023-06-16 00:05:46,470 INFO 50984 [egg-security] use noopen middleware
2023-06-16 00:05:46,470 INFO 50984 [egg-security] use nosniff middleware
2023-06-16 00:05:46,471 INFO 50984 [egg-security] use xssProtection middleware
2023-06-16 00:05:46,471 INFO 50984 [egg-security] use xframe middleware
2023-06-16 00:05:46,471 INFO 50984 [egg-security] use dta middleware
2023-06-16 00:05:46,471 INFO 50984 [egg-security] compose 6 middlewares into one security middleware
2023-06-16 00:05:46,483 INFO 50984 [egg:core] dump config after load, 3ms
2023-06-16 00:05:46,485 INFO 50984 [egg-mongoose] starting...
2023-06-16 00:05:46,673 INFO 50984 [egg-redis] client connect success
2023-06-16 00:05:46,677 INFO 50984 [egg-watcher:application] watcher start success
2023-06-16 00:05:46,703 INFO 50984 [egg-redis] instance[0] status OK, client ready
2023-06-16 00:05:46,716 INFO 50984 [egg-mongoose] mongodb://wwei:******@118.89.84.196:27017/wwei-lego-database?authMechanism=DEFAULT&authSource=wwei-lego-database connected successfully
2023-06-16 00:05:46,720 INFO 50984 [egg-mongoose] instance[0] start successfully
2023-06-16 00:05:46,724 INFO 50984 [egg:core] dump config after ready, 3ms
2023-06-16 00:06:19,228 INFO 51066 [egg:logger] init all loggers with options: {"dir":"/Users/wwei/Documents/my_github/wwei-lego-backend/logs/wwei-lego-backend","encoding":"utf8","env":"local","level":"INFO","consoleLevel":"INFO","disableConsoleAfterReady":false,"outputJSON":false,"buffer":true,"appLogName":"wwei-lego-backend-web.log","coreLogName":"egg-web.log","agentLogName":"egg-agent.log","errorLogName":"common-error.log","coreLogger":{"consoleLevel":"WARN"},"allowDebugAtProd":false,"enablePerformanceTimer":false,"enableFastContextLogger":false,"type":"application","localStorage":{"enabled":false}}
2023-06-16 00:06:19,228 INFO 51066 [egg-multipart] stream mode enable
2023-06-16 00:06:19,454 INFO 51066 [egg-mongoose] connecting mongodb://wwei:******@118.89.84.196:27017/wwei-lego-database?authMechanism=DEFAULT&authSource=wwei-lego-database
2023-06-16 00:06:19,486 INFO 51066 [egg-redis] server connecting redis://:***@118.89.84.196:6379/0
2023-06-16 00:06:19,577 INFO 51066 [egg-static] starting static serve /public/ -> /Users/wwei/Documents/my_github/wwei-lego-backend/app/public
2023-06-16 00:06:19,578 INFO 51066 [egg-security] use methodnoallow middleware
2023-06-16 00:06:19,579 INFO 51066 [egg-security] use noopen middleware
2023-06-16 00:06:19,579 INFO 51066 [egg-security] use nosniff middleware
2023-06-16 00:06:19,580 INFO 51066 [egg-security] use xssProtection middleware
2023-06-16 00:06:19,580 INFO 51066 [egg-security] use xframe middleware
2023-06-16 00:06:19,580 INFO 51066 [egg-security] use dta middleware
2023-06-16 00:06:19,580 INFO 51066 [egg-security] compose 6 middlewares into one security middleware
2023-06-16 00:06:19,591 INFO 51066 [egg:core] dump config after load, 3ms
2023-06-16 00:06:19,592 INFO 51066 [egg-mongoose] starting...
2023-06-16 00:06:19,779 INFO 51066 [egg-redis] client connect success
2023-06-16 00:06:19,782 INFO 51066 [egg-watcher:application] watcher start success
2023-06-16 00:06:19,803 INFO 51066 [egg-redis] instance[0] status OK, client ready
2023-06-16 00:06:19,809 INFO 51066 [egg-mongoose] mongodb://wwei:******@118.89.84.196:27017/wwei-lego-database?authMechanism=DEFAULT&authSource=wwei-lego-database connected successfully
2023-06-16 00:06:19,813 INFO 51066 [egg-mongoose] instance[0] start successfully
2023-06-16 00:06:19,816 INFO 51066 [egg:core] dump config after ready, 2ms
2023-06-16 00:06:36,350 INFO 51122 [egg:logger] init all loggers with options: {"dir":"/Users/wwei/Documents/my_github/wwei-lego-backend/logs/wwei-lego-backend","encoding":"utf8","env":"local","level":"INFO","consoleLevel":"INFO","disableConsoleAfterReady":false,"outputJSON":false,"buffer":true,"appLogName":"wwei-lego-backend-web.log","coreLogName":"egg-web.log","agentLogName":"egg-agent.log","errorLogName":"common-error.log","coreLogger":{"consoleLevel":"WARN"},"allowDebugAtProd":false,"enablePerformanceTimer":false,"enableFastContextLogger":false,"type":"application","localStorage":{"enabled":false}}
2023-06-16 00:06:36,350 INFO 51122 [egg-multipart] stream mode enable
2023-06-16 00:06:36,551 INFO 51122 [egg-mongoose] connecting mongodb://wwei:******@118.89.84.196:27017/wwei-lego-database?authMechanism=DEFAULT&authSource=wwei-lego-database
2023-06-16 00:06:36,576 INFO 51122 [egg-redis] server connecting redis://:***@118.89.84.196:6379/0
2023-06-16 00:06:36,655 INFO 51122 [egg-static] starting static serve /public/ -> /Users/wwei/Documents/my_github/wwei-lego-backend/app/public
2023-06-16 00:06:36,657 INFO 51122 [egg-security] use methodnoallow middleware
2023-06-16 00:06:36,657 INFO 51122 [egg-security] use noopen middleware
2023-06-16 00:06:36,658 INFO 51122 [egg-security] use nosniff middleware
2023-06-16 00:06:36,658 INFO 51122 [egg-security] use xssProtection middleware
2023-06-16 00:06:36,658 INFO 51122 [egg-security] use xframe middleware
2023-06-16 00:06:36,659 INFO 51122 [egg-security] use dta middleware
2023-06-16 00:06:36,659 INFO 51122 [egg-security] compose 6 middlewares into one security middleware
2023-06-16 00:06:36,685 INFO 51122 [egg:core] dump config after load, 16ms
2023-06-16 00:06:36,687 INFO 51122 [egg-mongoose] starting...
2023-06-16 00:06:36,863 INFO 51122 [egg-redis] client connect success
2023-06-16 00:06:36,864 INFO 51122 [egg-watcher:application] watcher start success
2023-06-16 00:06:36,883 INFO 51122 [egg-redis] instance[0] status OK, client ready
2023-06-16 00:06:36,890 INFO 51122 [egg-mongoose] mongodb://wwei:******@118.89.84.196:27017/wwei-lego-database?authMechanism=DEFAULT&authSource=wwei-lego-database connected successfully
2023-06-16 00:06:36,893 INFO 51122 [egg-mongoose] instance[0] start successfully
2023-06-16 00:06:36,897 INFO 51122 [egg:core] dump config after ready, 2ms
2023-06-16 00:07:05,011 INFO 51176 [egg:logger] init all loggers with options: {"dir":"/Users/wwei/Documents/my_github/wwei-lego-backend/logs/wwei-lego-backend","encoding":"utf8","env":"local","level":"INFO","consoleLevel":"INFO","disableConsoleAfterReady":false,"outputJSON":false,"buffer":true,"appLogName":"wwei-lego-backend-web.log","coreLogName":"egg-web.log","agentLogName":"egg-agent.log","errorLogName":"common-error.log","coreLogger":{"consoleLevel":"WARN"},"allowDebugAtProd":false,"enablePerformanceTimer":false,"enableFastContextLogger":false,"type":"application","localStorage":{"enabled":false}}
2023-06-16 00:07:05,011 INFO 51176 [egg-multipart] stream mode enable
2023-06-16 00:07:05,212 INFO 51176 [egg-mongoose] connecting mongodb://wwei:******@118.89.84.196:27017/wwei-lego-database?authMechanism=DEFAULT&authSource=wwei-lego-database
2023-06-16 00:07:05,237 INFO 51176 [egg-redis] server connecting redis://:***@118.89.84.196:6379/0
2023-06-16 00:07:05,319 INFO 51176 [egg-static] starting static serve /public/ -> /Users/wwei/Documents/my_github/wwei-lego-backend/app/public
2023-06-16 00:07:05,320 INFO 51176 [egg-security] use methodnoallow middleware
2023-06-16 00:07:05,321 INFO 51176 [egg-security] use noopen middleware
2023-06-16 00:07:05,321 INFO 51176 [egg-security] use nosniff middleware
2023-06-16 00:07:05,321 INFO 51176 [egg-security] use xssProtection middleware
2023-06-16 00:07:05,322 INFO 51176 [egg-security] use xframe middleware
2023-06-16 00:07:05,322 INFO 51176 [egg-security] use dta middleware
2023-06-16 00:07:05,322 INFO 51176 [egg-security] compose 6 middlewares into one security middleware
2023-06-16 00:07:05,349 INFO 51176 [egg:core] dump config after load, 2ms
2023-06-16 00:07:05,351 INFO 51176 [egg-mongoose] starting...
2023-06-16 00:07:05,929 INFO 51176 [egg-redis] client connect success
2023-06-16 00:07:05,931 INFO 51176 [egg-watcher:application] watcher start success
2023-06-16 00:07:05,957 INFO 51176 [egg-redis] instance[0] status OK, client ready
2023-06-16 00:07:05,993 INFO 51176 [egg-mongoose] mongodb://wwei:******@118.89.84.196:27017/wwei-lego-database?authMechanism=DEFAULT&authSource=wwei-lego-database connected successfully
2023-06-16 00:07:05,996 INFO 51176 [egg-mongoose] instance[0] start successfully
2023-06-16 00:07:06,000 INFO 51176 [egg:core] dump config after ready, 3ms
2023-06-16 00:07:07,611 INFO 51192 [egg:logger] init all loggers with options: {"dir":"/Users/wwei/Documents/my_github/wwei-lego-backend/logs/wwei-lego-backend","encoding":"utf8","env":"local","level":"INFO","consoleLevel":"INFO","disableConsoleAfterReady":false,"outputJSON":false,"buffer":true,"appLogName":"wwei-lego-backend-web.log","coreLogName":"egg-web.log","agentLogName":"egg-agent.log","errorLogName":"common-error.log","coreLogger":{"consoleLevel":"WARN"},"allowDebugAtProd":false,"enablePerformanceTimer":false,"enableFastContextLogger":false,"type":"application","localStorage":{"enabled":false}}
2023-06-16 00:07:07,611 INFO 51192 [egg-multipart] stream mode enable
2023-06-16 00:07:07,737 INFO 51192 [egg-mongoose] connecting mongodb://wwei:******@118.89.84.196:27017/wwei-lego-database?authMechanism=DEFAULT&authSource=wwei-lego-database
2023-06-16 00:07:07,755 INFO 51192 [egg-redis] server connecting redis://:***@118.89.84.196:6379/0
2023-06-16 00:07:07,813 INFO 51192 [egg-static] starting static serve /public/ -> /Users/wwei/Documents/my_github/wwei-lego-backend/app/public
2023-06-16 00:07:07,814 INFO 51192 [egg-security] use methodnoallow middleware
2023-06-16 00:07:07,814 INFO 51192 [egg-security] use noopen middleware
2023-06-16 00:07:07,814 INFO 51192 [egg-security] use nosniff middleware
2023-06-16 00:07:07,815 INFO 51192 [egg-security] use xssProtection middleware
2023-06-16 00:07:07,815 INFO 51192 [egg-security] use xframe middleware
2023-06-16 00:07:07,815 INFO 51192 [egg-security] use dta middleware
2023-06-16 00:07:07,815 INFO 51192 [egg-security] compose 6 middlewares into one security middleware
2023-06-16 00:07:07,826 INFO 51192 [egg:core] dump config after load, 2ms
2023-06-16 00:07:07,828 INFO 51192 [egg-mongoose] starting...
2023-06-16 00:07:07,935 INFO 51192 [egg-redis] client connect success
2023-06-16 00:07:07,938 INFO 51192 [egg-watcher:application] watcher start success
2023-06-16 00:07:07,957 INFO 51192 [egg-redis] instance[0] status OK, client ready
2023-06-16 00:07:07,967 INFO 51192 [egg-mongoose] mongodb://wwei:******@118.89.84.196:27017/wwei-lego-database?authMechanism=DEFAULT&authSource=wwei-lego-database connected successfully
2023-06-16 00:07:07,970 INFO 51192 [egg-mongoose] instance[0] start successfully
2023-06-16 00:07:07,974 INFO 51192 [egg:core] dump config after ready, 2ms
2023-06-16 00:10:51,172 INFO 51406 [egg:logger] init all loggers with options: {"dir":"/Users/wwei/Documents/my_github/wwei-lego-backend/logs/wwei-lego-backend","encoding":"utf8","env":"local","level":"INFO","consoleLevel":"INFO","disableConsoleAfterReady":false,"outputJSON":false,"buffer":true,"appLogName":"wwei-lego-backend-web.log","coreLogName":"egg-web.log","agentLogName":"egg-agent.log","errorLogName":"common-error.log","coreLogger":{"consoleLevel":"WARN"},"allowDebugAtProd":false,"enablePerformanceTimer":false,"enableFastContextLogger":false,"type":"application","localStorage":{"enabled":false}}
2023-06-16 00:10:51,172 INFO 51406 [egg-multipart] stream mode enable
2023-06-16 00:10:51,477 INFO 51406 [egg-mongoose] connecting mongodb://wwei:******@118.89.84.196:27017/wwei-lego-database?authMechanism=DEFAULT&authSource=wwei-lego-database
2023-06-16 00:10:51,508 INFO 51406 [egg-redis] server connecting redis://:***@118.89.84.196:6379/0
2023-06-16 00:10:51,592 INFO 51406 [egg-static] starting static serve /public/ -> /Users/wwei/Documents/my_github/wwei-lego-backend/app/public
2023-06-16 00:10:51,594 INFO 51406 [egg-security] use methodnoallow middleware
2023-06-16 00:10:51,594 INFO 51406 [egg-security] use noopen middleware
2023-06-16 00:10:51,595 INFO 51406 [egg-security] use nosniff middleware
2023-06-16 00:10:51,595 INFO 51406 [egg-security] use xssProtection middleware
2023-06-16 00:10:51,595 INFO 51406 [egg-security] use xframe middleware
2023-06-16 00:10:51,595 INFO 51406 [egg-security] use dta middleware
2023-06-16 00:10:51,595 INFO 51406 [egg-security] compose 6 middlewares into one security middleware
2023-06-16 00:10:51,606 INFO 51406 [egg:core] dump config after load, 2ms
2023-06-16 00:10:51,608 INFO 51406 [egg-mongoose] starting...
2023-06-16 00:10:51,792 INFO 51406 [egg-redis] client connect success
2023-06-16 00:10:51,795 INFO 51406 [egg-watcher:application] watcher start success
2023-06-16 00:10:51,814 INFO 51406 [egg-redis] instance[0] status OK, client ready
2023-06-16 00:10:51,839 INFO 51406 [egg-mongoose] mongodb://wwei:******@118.89.84.196:27017/wwei-lego-database?authMechanism=DEFAULT&authSource=wwei-lego-database connected successfully
2023-06-16 00:10:51,844 INFO 51406 [egg-mongoose] instance[0] start successfully
2023-06-16 00:10:51,848 INFO 51406 [egg:core] dump config after ready, 3ms
2023-06-16 00:13:47,131 INFO 51858 [egg:logger] init all loggers with options: {"dir":"/Users/wwei/Documents/my_github/wwei-lego-backend/logs/wwei-lego-backend","encoding":"utf8","env":"local","level":"INFO","consoleLevel":"INFO","disableConsoleAfterReady":false,"outputJSON":false,"buffer":true,"appLogName":"wwei-lego-backend-web.log","coreLogName":"egg-web.log","agentLogName":"egg-agent.log","errorLogName":"common-error.log","coreLogger":{"consoleLevel":"WARN"},"allowDebugAtProd":false,"enablePerformanceTimer":false,"enableFastContextLogger":false,"type":"application","localStorage":{"enabled":false}}
2023-06-16 00:13:47,131 INFO 51858 [egg-multipart] stream mode enable
2023-06-16 00:13:47,319 INFO 51858 [egg-mongoose] connecting mongodb://wwei:******@118.89.84.196:27017/wwei-lego-database?authMechanism=DEFAULT&authSource=wwei-lego-database
2023-06-16 00:13:47,341 INFO 51858 [egg-redis] server connecting redis://:***@118.89.84.196:6379/0
2023-06-16 00:13:47,413 INFO 51858 [egg-static] starting static serve /public/ -> /Users/wwei/Documents/my_github/wwei-lego-backend/app/public
2023-06-16 00:13:47,414 INFO 51858 [egg-security] use methodnoallow middleware
2023-06-16 00:13:47,414 INFO 51858 [egg-security] use noopen middleware
2023-06-16 00:13:47,415 INFO 51858 [egg-security] use nosniff middleware
2023-06-16 00:13:47,415 INFO 51858 [egg-security] use xssProtection middleware
2023-06-16 00:13:47,415 INFO 51858 [egg-security] use xframe middleware
2023-06-16 00:13:47,415 INFO 51858 [egg-security] use dta middleware
2023-06-16 00:13:47,415 INFO 51858 [egg-security] compose 6 middlewares into one security middleware
2023-06-16 00:13:47,427 INFO 51858 [egg:core] dump config after load, 3ms
2023-06-16 00:13:47,428 INFO 51858 [egg-mongoose] starting...
2023-06-16 00:13:47,594 INFO 51858 [egg-redis] client connect success
2023-06-16 00:13:47,595 INFO 51858 [egg-watcher:application] watcher start success
2023-06-16 00:13:47,623 INFO 51858 [egg-redis] instance[0] status OK, client ready
2023-06-16 00:13:47,640 INFO 51858 [egg-mongoose] mongodb://wwei:******@118.89.84.196:27017/wwei-lego-database?authMechanism=DEFAULT&authSource=wwei-lego-database connected successfully
2023-06-16 00:13:47,643 INFO 51858 [egg-mongoose] instance[0] start successfully
2023-06-16 00:13:47,647 INFO 51858 [egg:core] dump config after ready, 2ms
2023-06-16 00:14:40,706 INFO 51934 [egg:logger] init all loggers with options: {"dir":"/Users/wwei/Documents/my_github/wwei-lego-backend/logs/wwei-lego-backend","encoding":"utf8","env":"local","level":"INFO","consoleLevel":"INFO","disableConsoleAfterReady":false,"outputJSON":false,"buffer":true,"appLogName":"wwei-lego-backend-web.log","coreLogName":"egg-web.log","agentLogName":"egg-agent.log","errorLogName":"common-error.log","coreLogger":{"consoleLevel":"WARN"},"allowDebugAtProd":false,"enablePerformanceTimer":false,"enableFastContextLogger":false,"type":"application","localStorage":{"enabled":false}}
2023-06-16 00:14:40,706 INFO 51934 [egg-multipart] stream mode enable
2023-06-16 00:14:40,913 INFO 51934 [egg-mongoose] connecting mongodb://wwei:******@118.89.84.196:27017/wwei-lego-database?authMechanism=DEFAULT&authSource=wwei-lego-database
2023-06-16 00:14:40,944 INFO 51934 [egg-redis] server connecting redis://:***@118.89.84.196:6379/0
2023-06-16 00:14:41,020 INFO 51934 [egg-static] starting static serve /public/ -> /Users/wwei/Documents/my_github/wwei-lego-backend/app/public
2023-06-16 00:14:41,021 INFO 51934 [egg-security] use methodnoallow middleware
2023-06-16 00:14:41,021 INFO 51934 [egg-security] use noopen middleware
2023-06-16 00:14:41,021 INFO 51934 [egg-security] use nosniff middleware
2023-06-16 00:14:41,022 INFO 51934 [egg-security] use xssProtection middleware
2023-06-16 00:14:41,022 INFO 51934 [egg-security] use xframe middleware
2023-06-16 00:14:41,022 INFO 51934 [egg-security] use dta middleware
2023-06-16 00:14:41,022 INFO 51934 [egg-security] compose 6 middlewares into one security middleware
2023-06-16 00:14:41,033 INFO 51934 [egg:core] dump config after load, 2ms
2023-06-16 00:14:41,035 INFO 51934 [egg-mongoose] starting...
2023-06-16 00:14:41,198 INFO 51934 [egg-redis] client connect success
2023-06-16 00:14:41,199 INFO 51934 [egg-watcher:application] watcher start success
2023-06-16 00:14:41,224 INFO 51934 [egg-redis] instance[0] status OK, client ready
2023-06-16 00:14:41,248 INFO 51934 [egg-mongoose] mongodb://wwei:******@118.89.84.196:27017/wwei-lego-database?authMechanism=DEFAULT&authSource=wwei-lego-database connected successfully
2023-06-16 00:14:41,251 INFO 51934 [egg-mongoose] instance[0] start successfully
2023-06-16 00:14:41,255 INFO 51934 [egg:core] dump config after ready, 2ms
2023-06-16 00:16:39,601 INFO 52117 [egg:logger] init all loggers with options: {"dir":"/Users/wwei/Documents/my_github/wwei-lego-backend/logs/wwei-lego-backend","encoding":"utf8","env":"local","level":"INFO","consoleLevel":"INFO","disableConsoleAfterReady":false,"outputJSON":false,"buffer":true,"appLogName":"wwei-lego-backend-web.log","coreLogName":"egg-web.log","agentLogName":"egg-agent.log","errorLogName":"common-error.log","coreLogger":{"consoleLevel":"WARN"},"allowDebugAtProd":false,"enablePerformanceTimer":false,"enableFastContextLogger":false,"type":"application","localStorage":{"enabled":false}}
2023-06-16 00:16:39,602 INFO 52117 [egg-multipart] stream mode enable
2023-06-16 00:16:39,794 INFO 52117 [egg-mongoose] connecting mongodb://wwei:******@118.89.84.196:27017/wwei-lego-database?authMechanism=DEFAULT&authSource=wwei-lego-database
2023-06-16 00:16:39,816 INFO 52117 [egg-redis] server connecting redis://:***@118.89.84.196:6379/0
2023-06-16 00:16:39,895 INFO 52117 [egg-static] starting static serve /public/ -> /Users/wwei/Documents/my_github/wwei-lego-backend/app/public
2023-06-16 00:16:39,896 INFO 52117 [egg-security] use methodnoallow middleware
2023-06-16 00:16:39,896 INFO 52117 [egg-security] use noopen middleware
2023-06-16 00:16:39,896 INFO 52117 [egg-security] use nosniff middleware
2023-06-16 00:16:39,897 INFO 52117 [egg-security] use xssProtection middleware
2023-06-16 00:16:39,897 INFO 52117 [egg-security] use xframe middleware
2023-06-16 00:16:39,897 INFO 52117 [egg-security] use dta middleware
2023-06-16 00:16:39,897 INFO 52117 [egg-security] compose 6 middlewares into one security middleware
2023-06-16 00:16:39,909 INFO 52117 [egg:core] dump config after load, 3ms
2023-06-16 00:16:39,911 INFO 52117 [egg-mongoose] starting...
2023-06-16 00:16:40,226 INFO 52117 [egg-redis] client connect success
2023-06-16 00:16:40,227 INFO 52117 [egg-watcher:application] watcher start success
2023-06-16 00:16:40,250 INFO 52117 [egg-redis] instance[0] status OK, client ready
2023-06-16 00:16:40,273 INFO 52117 [egg-mongoose] mongodb://wwei:******@118.89.84.196:27017/wwei-lego-database?authMechanism=DEFAULT&authSource=wwei-lego-database connected successfully
2023-06-16 00:16:40,277 INFO 52117 [egg-mongoose] instance[0] start successfully
2023-06-16 00:16:40,281 INFO 52117 [egg:core] dump config after ready, 3ms
2023-06-16 00:16:48,529 INFO 52148 [egg:logger] init all loggers with options: {"dir":"/Users/wwei/Documents/my_github/wwei-lego-backend/logs/wwei-lego-backend","encoding":"utf8","env":"local","level":"INFO","consoleLevel":"INFO","disableConsoleAfterReady":false,"outputJSON":false,"buffer":true,"appLogName":"wwei-lego-backend-web.log","coreLogName":"egg-web.log","agentLogName":"egg-agent.log","errorLogName":"common-error.log","coreLogger":{"consoleLevel":"WARN"},"allowDebugAtProd":false,"enablePerformanceTimer":false,"enableFastContextLogger":false,"type":"application","localStorage":{"enabled":false}}
2023-06-16 00:16:48,529 INFO 52148 [egg-multipart] stream mode enable
2023-06-16 00:16:48,706 INFO 52148 [egg-mongoose] connecting mongodb://wwei:******@118.89.84.196:27017/wwei-lego-database?authMechanism=DEFAULT&authSource=wwei-lego-database
2023-06-16 00:16:48,734 INFO 52148 [egg-redis] server connecting redis://:***@118.89.84.196:6379/0
2023-06-16 00:16:48,817 INFO 52148 [egg-static] starting static serve /public/ -> /Users/wwei/Documents/my_github/wwei-lego-backend/app/public
2023-06-16 00:16:48,818 INFO 52148 [egg-security] use methodnoallow middleware
2023-06-16 00:16:48,818 INFO 52148 [egg-security] use noopen middleware
2023-06-16 00:16:48,819 INFO 52148 [egg-security] use nosniff middleware
2023-06-16 00:16:48,819 INFO 52148 [egg-security] use xssProtection middleware
2023-06-16 00:16:48,819 INFO 52148 [egg-security] use xframe middleware
2023-06-16 00:16:48,819 INFO 52148 [egg-security] use dta middleware
2023-06-16 00:16:48,819 INFO 52148 [egg-security] compose 6 middlewares into one security middleware
2023-06-16 00:16:48,832 INFO 52148 [egg:core] dump config after load, 2ms
2023-06-16 00:16:48,834 INFO 52148 [egg-mongoose] starting...
2023-06-16 00:16:49,015 INFO 52148 [egg-redis] client connect success
2023-06-16 00:16:49,016 INFO 52148 [egg-watcher:application] watcher start success
2023-06-16 00:16:49,051 INFO 52148 [egg-redis] instance[0] status OK, client ready
2023-06-16 00:16:49,059 INFO 52148 [egg-mongoose] mongodb://wwei:******@118.89.84.196:27017/wwei-lego-database?authMechanism=DEFAULT&authSource=wwei-lego-database connected successfully
2023-06-16 00:16:49,062 INFO 52148 [egg-mongoose] instance[0] start successfully
2023-06-16 00:16:49,069 INFO 52148 [egg:core] dump config after ready, 5ms
