2023-06-09 22:50:23,922 INFO 82755 [Timer] /Users/wwei/Documents/my_github/wwei-lego-backend/node_modules/.pnpm/egg-multipart@3.3.0/node_modules/egg-multipart/app/schedule/clean_tmpdir.js next time will execute after 20376082ms at 2023-06-10 04:30:00.004
2023-06-09 22:50:23,923 INFO 82755 [Timer] /Users/wwei/Documents/my_github/wwei-lego-backend/node_modules/.pnpm/egg-logrotator@3.1.0/node_modules/egg-logrotator/app/schedule/clean_log.js next time will execute after 4176078ms at 2023-06-10 00:00:00.001
2023-06-09 22:50:23,923 INFO 82755 [Timer] /Users/wwei/Documents/my_github/wwei-lego-backend/node_modules/.pnpm/egg-logrotator@3.1.0/node_modules/egg-logrotator/app/schedule/rotate_by_file.js next time will execute after 4177077ms at 2023-06-10 00:00:01.000
2023-06-09 22:50:23,840 INFO 82759 [egg-schedule]: register schedule /Users/wwei/Documents/my_github/wwei-lego-backend/node_modules/.pnpm/egg-multipart@3.3.0/node_modules/egg-multipart/app/schedule/clean_tmpdir.js
2023-06-09 22:50:23,840 INFO 82759 [egg-schedule]: register schedule /Users/wwei/Documents/my_github/wwei-lego-backend/node_modules/.pnpm/egg-logrotator@3.1.0/node_modules/egg-logrotator/app/schedule/clean_log.js
2023-06-09 22:50:23,840 INFO 82759 [egg-schedule]: register schedule /Users/wwei/Documents/my_github/wwei-lego-backend/node_modules/.pnpm/egg-logrotator@3.1.0/node_modules/egg-logrotator/app/schedule/rotate_by_file.js
2023-06-09 22:53:24,091 INFO 83120 [Timer] /Users/wwei/Documents/my_github/wwei-lego-backend/node_modules/.pnpm/egg-multipart@3.3.0/node_modules/egg-multipart/app/schedule/clean_tmpdir.js next time will execute after 20195911ms at 2023-06-10 04:30:00.002
2023-06-09 22:53:24,091 INFO 83120 [Timer] /Users/wwei/Documents/my_github/wwei-lego-backend/node_modules/.pnpm/egg-logrotator@3.1.0/node_modules/egg-logrotator/app/schedule/clean_log.js next time will execute after 3995909ms at 2023-06-10 00:00:00.000
2023-06-09 22:53:24,091 INFO 83120 [Timer] /Users/wwei/Documents/my_github/wwei-lego-backend/node_modules/.pnpm/egg-logrotator@3.1.0/node_modules/egg-logrotator/app/schedule/rotate_by_file.js next time will execute after 3996909ms at 2023-06-10 00:00:01.000
2023-06-09 22:53:24,011 INFO 83123 [egg-schedule]: register schedule /Users/wwei/Documents/my_github/wwei-lego-backend/node_modules/.pnpm/egg-multipart@3.3.0/node_modules/egg-multipart/app/schedule/clean_tmpdir.js
2023-06-09 22:53:24,011 INFO 83123 [egg-schedule]: register schedule /Users/wwei/Documents/my_github/wwei-lego-backend/node_modules/.pnpm/egg-logrotator@3.1.0/node_modules/egg-logrotator/app/schedule/clean_log.js
2023-06-09 22:53:24,011 INFO 83123 [egg-schedule]: register schedule /Users/wwei/Documents/my_github/wwei-lego-backend/node_modules/.pnpm/egg-logrotator@3.1.0/node_modules/egg-logrotator/app/schedule/rotate_by_file.js
2023-06-09 22:54:08,719 INFO 83223 [egg-schedule]: register schedule /Users/wwei/Documents/my_github/wwei-lego-backend/node_modules/.pnpm/egg-multipart@3.3.0/node_modules/egg-multipart/app/schedule/clean_tmpdir.js
2023-06-09 22:54:08,719 INFO 83223 [egg-schedule]: register schedule /Users/wwei/Documents/my_github/wwei-lego-backend/node_modules/.pnpm/egg-logrotator@3.1.0/node_modules/egg-logrotator/app/schedule/clean_log.js
2023-06-09 22:54:08,719 INFO 83223 [egg-schedule]: register schedule /Users/wwei/Documents/my_github/wwei-lego-backend/node_modules/.pnpm/egg-logrotator@3.1.0/node_modules/egg-logrotator/app/schedule/rotate_by_file.js
2023-06-09 22:57:37,220 INFO 83746 [Timer] /Users/wwei/Documents/my_github/wwei-lego-backend/node_modules/.pnpm/egg-multipart@3.3.0/node_modules/egg-multipart/app/schedule/clean_tmpdir.js next time will execute after 19942781ms at 2023-06-10 04:30:00.001
2023-06-09 22:57:37,221 INFO 83746 [Timer] /Users/wwei/Documents/my_github/wwei-lego-backend/node_modules/.pnpm/egg-logrotator@3.1.0/node_modules/egg-logrotator/app/schedule/clean_log.js next time will execute after 3742779ms at 2023-06-10 00:00:00.000
2023-06-09 22:57:37,221 INFO 83746 [Timer] /Users/wwei/Documents/my_github/wwei-lego-backend/node_modules/.pnpm/egg-logrotator@3.1.0/node_modules/egg-logrotator/app/schedule/rotate_by_file.js next time will execute after 3743779ms at 2023-06-10 00:00:01.000
2023-06-09 22:57:37,141 INFO 83751 [egg-schedule]: register schedule /Users/wwei/Documents/my_github/wwei-lego-backend/node_modules/.pnpm/egg-multipart@3.3.0/node_modules/egg-multipart/app/schedule/clean_tmpdir.js
2023-06-09 22:57:37,141 INFO 83751 [egg-schedule]: register schedule /Users/wwei/Documents/my_github/wwei-lego-backend/node_modules/.pnpm/egg-logrotator@3.1.0/node_modules/egg-logrotator/app/schedule/clean_log.js
2023-06-09 22:57:37,141 INFO 83751 [egg-schedule]: register schedule /Users/wwei/Documents/my_github/wwei-lego-backend/node_modules/.pnpm/egg-logrotator@3.1.0/node_modules/egg-logrotator/app/schedule/rotate_by_file.js
2023-06-09 22:58:39,125 INFO 84010 [egg-schedule]: register schedule /Users/wwei/Documents/my_github/wwei-lego-backend/node_modules/.pnpm/egg-multipart@3.3.0/node_modules/egg-multipart/app/schedule/clean_tmpdir.js
2023-06-09 22:58:39,125 INFO 84010 [egg-schedule]: register schedule /Users/wwei/Documents/my_github/wwei-lego-backend/node_modules/.pnpm/egg-logrotator@3.1.0/node_modules/egg-logrotator/app/schedule/clean_log.js
2023-06-09 22:58:39,125 INFO 84010 [egg-schedule]: register schedule /Users/wwei/Documents/my_github/wwei-lego-backend/node_modules/.pnpm/egg-logrotator@3.1.0/node_modules/egg-logrotator/app/schedule/rotate_by_file.js
2023-06-09 22:59:04,076 INFO 84080 [egg-schedule]: register schedule /Users/wwei/Documents/my_github/wwei-lego-backend/node_modules/.pnpm/egg-multipart@3.3.0/node_modules/egg-multipart/app/schedule/clean_tmpdir.js
2023-06-09 22:59:04,076 INFO 84080 [egg-schedule]: register schedule /Users/wwei/Documents/my_github/wwei-lego-backend/node_modules/.pnpm/egg-logrotator@3.1.0/node_modules/egg-logrotator/app/schedule/clean_log.js
2023-06-09 22:59:04,076 INFO 84080 [egg-schedule]: register schedule /Users/wwei/Documents/my_github/wwei-lego-backend/node_modules/.pnpm/egg-logrotator@3.1.0/node_modules/egg-logrotator/app/schedule/rotate_by_file.js
2023-06-09 23:01:39,123 INFO 84470 [egg-schedule]: register schedule /Users/wwei/Documents/my_github/wwei-lego-backend/node_modules/.pnpm/egg-multipart@3.3.0/node_modules/egg-multipart/app/schedule/clean_tmpdir.js
2023-06-09 23:01:39,124 INFO 84470 [egg-schedule]: register schedule /Users/wwei/Documents/my_github/wwei-lego-backend/node_modules/.pnpm/egg-logrotator@3.1.0/node_modules/egg-logrotator/app/schedule/clean_log.js
2023-06-09 23:01:39,124 INFO 84470 [egg-schedule]: register schedule /Users/wwei/Documents/my_github/wwei-lego-backend/node_modules/.pnpm/egg-logrotator@3.1.0/node_modules/egg-logrotator/app/schedule/rotate_by_file.js
2023-06-09 23:01:43,642 INFO 84492 [egg-schedule]: register schedule /Users/wwei/Documents/my_github/wwei-lego-backend/node_modules/.pnpm/egg-multipart@3.3.0/node_modules/egg-multipart/app/schedule/clean_tmpdir.js
2023-06-09 23:01:43,642 INFO 84492 [egg-schedule]: register schedule /Users/wwei/Documents/my_github/wwei-lego-backend/node_modules/.pnpm/egg-logrotator@3.1.0/node_modules/egg-logrotator/app/schedule/clean_log.js
2023-06-09 23:01:43,642 INFO 84492 [egg-schedule]: register schedule /Users/wwei/Documents/my_github/wwei-lego-backend/node_modules/.pnpm/egg-logrotator@3.1.0/node_modules/egg-logrotator/app/schedule/rotate_by_file.js
2023-06-09 23:03:58,887 INFO 84841 [egg-schedule]: register schedule /Users/wwei/Documents/my_github/wwei-lego-backend/node_modules/.pnpm/egg-multipart@3.3.0/node_modules/egg-multipart/app/schedule/clean_tmpdir.js
2023-06-09 23:03:58,887 INFO 84841 [egg-schedule]: register schedule /Users/wwei/Documents/my_github/wwei-lego-backend/node_modules/.pnpm/egg-logrotator@3.1.0/node_modules/egg-logrotator/app/schedule/clean_log.js
2023-06-09 23:03:58,887 INFO 84841 [egg-schedule]: register schedule /Users/wwei/Documents/my_github/wwei-lego-backend/node_modules/.pnpm/egg-logrotator@3.1.0/node_modules/egg-logrotator/app/schedule/rotate_by_file.js
2023-06-09 23:06:35,554 INFO 85091 [egg-schedule]: register schedule /Users/wwei/Documents/my_github/wwei-lego-backend/node_modules/.pnpm/egg-multipart@3.3.0/node_modules/egg-multipart/app/schedule/clean_tmpdir.js
2023-06-09 23:06:35,554 INFO 85091 [egg-schedule]: register schedule /Users/wwei/Documents/my_github/wwei-lego-backend/node_modules/.pnpm/egg-logrotator@3.1.0/node_modules/egg-logrotator/app/schedule/clean_log.js
2023-06-09 23:06:35,554 INFO 85091 [egg-schedule]: register schedule /Users/wwei/Documents/my_github/wwei-lego-backend/node_modules/.pnpm/egg-logrotator@3.1.0/node_modules/egg-logrotator/app/schedule/rotate_by_file.js
